<?xml version="1.0" encoding="UTF-8"?>
<testng-results ignored="0" total="2" passed="2" failed="0" skipped="0">
  <reporter-output>
  </reporter-output>
  <suite started-at="2025-04-08T16:51:36 IST" name="Default suite" finished-at="2025-04-08T16:53:04 IST" duration-ms="87922">
    <groups>
    </groups>
    <test started-at="2025-04-08T16:51:36 IST" name="Default test" finished-at="2025-04-08T16:53:04 IST" duration-ms="87922">
      <class name="SDETQAPAGEOBJECTMODEL.LoginTest">
        <test-method is-config="true" signature="Setup()[pri:0, instance:SDETQAPAGEOBJECTMODEL.LoginTest@6e20b53a]" started-at="2025-04-08T16:51:36 IST" name="Setup" finished-at="2025-04-08T16:52:24 IST" duration-ms="47260" status="PASS">
          <reporter-output>
          </reporter-output>
        </test-method> <!-- Setup -->
        <test-method signature="TestLogin()[pri:0, instance:SDETQAPAGEOBJECTMODEL.LoginTest@6e20b53a]" started-at="2025-04-08T16:52:24 IST" name="TestLogin" finished-at="2025-04-08T16:52:33 IST" duration-ms="9137" status="PASS">
          <reporter-output>
          </reporter-output>
        </test-method> <!-- TestLogin -->
        <test-method is-config="true" signature="tearDown()[pri:0, instance:SDETQAPAGEOBJECTMODEL.LoginTest@6e20b53a]" started-at="2025-04-08T16:52:33 IST" name="tearDown" finished-at="2025-04-08T16:52:33 IST" duration-ms="94" status="PASS">
          <reporter-output>
          </reporter-output>
        </test-method> <!-- tearDown -->
        <test-method is-config="true" signature="Setup()[pri:0, instance:SDETQAPAGEOBJECTMODEL.LoginTest@6e20b53a]" started-at="2025-04-08T16:52:33 IST" name="Setup" finished-at="2025-04-08T16:52:54 IST" duration-ms="21582" status="PASS">
          <reporter-output>
          </reporter-output>
        </test-method> <!-- Setup -->
        <test-method signature="TestLogin2()[pri:0, instance:SDETQAPAGEOBJECTMODEL.LoginTest@6e20b53a]" started-at="2025-04-08T16:52:54 IST" name="TestLogin2" finished-at="2025-04-08T16:53:04 IST" duration-ms="9745" status="PASS">
          <reporter-output>
          </reporter-output>
        </test-method> <!-- TestLogin2 -->
        <test-method is-config="true" signature="tearDown()[pri:0, instance:SDETQAPAGEOBJECTMODEL.LoginTest@6e20b53a]" started-at="2025-04-08T16:53:04 IST" name="tearDown" finished-at="2025-04-08T16:53:04 IST" duration-ms="85" status="PASS">
          <reporter-output>
          </reporter-output>
        </test-method> <!-- tearDown -->
      </class> <!-- SDETQAPAGEOBJECTMODEL.LoginTest -->
    </test> <!-- Default test -->
  </suite> <!-- Default suite -->
</testng-results>
